make --dry-run --always-make --keep-going --print-directory
make: Entering directory '/home/ubuntu/udoo_linux_bsp/drivers/p306_ledkey_ioctl'
arm-linux-gnueabihf-gcc -o ledkey_app ledkey_app.c
cp ledkey_app /srv/nfs
make -C /home/ubuntu/udoo_linux_bsp/kernel/3.14.1 SUBDIRS=/home/ubuntu/udoo_linux_bsp/drivers/p306_ledkey_ioctl modules ARCH=arm CROSS_COMPILE=arm-linux-gnueabihf-
make[1]: Entering directory '/home/ubuntu/udoo_linux_bsp/kernel/3.14.1'
 
# Do not try to update included dependency files
 
mkdir -p /home/ubuntu/udoo_linux_bsp/drivers/p306_ledkey_ioctl/.tmp_versions ; rm -f /home/ubuntu/udoo_linux_bsp/drivers/p306_ledkey_ioctl/.tmp_versions/*
test -e /home/ubuntu/udoo_linux_bsp/kernel/3.14.1/Module.symvers || ( \
echo; \
echo "  WARNING: Symbol version dump /home/ubuntu/udoo_linux_bsp/kernel/3.14.1/Module.symvers"; \
echo "           is missing; modules will have no dependencies and modversions."; \
echo )
make -f scripts/Makefile.build obj=/home/ubuntu/udoo_linux_bsp/drivers/p306_ledkey_ioctl
 
set -e; 	   echo '  CC [M]  /home/ubuntu/udoo_linux_bsp/drivers/p306_ledkey_ioctl/ledkey_dev.o'; arm-linux-gnueabihf-gcc -Wp,-MD,/home/ubuntu/udoo_linux_bsp/drivers/p306_ledkey_ioctl/.ledkey_dev.o.d  -nostdinc -isystem /usr/lib/gcc-cross/arm-linux-gnueabihf/4.8/include -I/home/ubuntu/udoo_linux_bsp/kernel/3.14.1/arch/arm/include -Iarch/arm/include/generated  -Iinclude -I/home/ubuntu/udoo_linux_bsp/kernel/3.14.1/arch/arm/include/uapi -Iarch/arm/include/generated/uapi -I/home/ubuntu/udoo_linux_bsp/kernel/3.14.1/include/uapi -Iinclude/generated/uapi -include /home/ubuntu/udoo_linux_bsp/kernel/3.14.1/include/linux/kconfig.h -D__KERNEL__ -mlittle-endian -Wall -Wundef -Wstrict-prototypes -Wno-trigraphs -fno-strict-aliasing -fno-common -Werror-implicit-function-declaration -Wno-format-security -fno-delete-null-pointer-checks -std=gnu89 -O2 -fno-dwarf2-cfi-asm -fno-ipa-sra -mabi=aapcs-linux -mno-thumb-interwork -mfpu=vfp -funwind-tables -marm -D__LINUX_ARM_ARCH__=7 -march=armv7-a -msoft-float -Uarm -Wframe-larger-than=1024 -fno-stack-protector -Wno-unused-but-set-variable -fomit-frame-pointer -fno-var-tracking-assignments -Wdeclaration-after-statement -Wno-pointer-sign -fno-strict-overflow -fconserve-stack -Werror=implicit-int -Werror=strict-prototypes -DCC_HAVE_ASM_GOTO  -DMODULE  -D"KBUILD_STR(s)=#s" -D"KBUILD_BASENAME=KBUILD_STR(ledkey_dev)"  -D"KBUILD_MODNAME=KBUILD_STR(ledkey_dev)" -c -o /home/ubuntu/udoo_linux_bsp/drivers/p306_ledkey_ioctl/.tmp_ledkey_dev.o /home/ubuntu/udoo_linux_bsp/drivers/p306_ledkey_ioctl/ledkey_dev.c; if arm-linux-gnueabihf-objdump -h /home/ubuntu/udoo_linux_bsp/drivers/p306_ledkey_ioctl/.tmp_ledkey_dev.o | grep -q __ksymtab; then arm-linux-gnueabihf-gcc -E -D__GENKSYMS__ -Wp,-MD,/home/ubuntu/udoo_linux_bsp/drivers/p306_ledkey_ioctl/.ledkey_dev.o.d  -nostdinc -isystem /usr/lib/gcc-cross/arm-linux-gnueabihf/4.8/include -I/home/ubuntu/udoo_linux_bsp/kernel/3.14.1/arch/arm/include -Iarch/arm/include/generated  -Iinclude -I/home/ubuntu/udoo_linux_bsp/kernel/3.14.1/arch/arm/include/uapi -Iarch/arm/include/generated/uapi -I/home/ubuntu/udoo_linux_bsp/kernel/3.14.1/include/uapi -Iinclude/generated/uapi -include /home/ubuntu/udoo_linux_bsp/kernel/3.14.1/include/linux/kconfig.h -D__KERNEL__ -mlittle-endian -Wall -Wundef -Wstrict-prototypes -Wno-trigraphs -fno-strict-aliasing -fno-common -Werror-implicit-function-declaration -Wno-format-security -fno-delete-null-pointer-checks -std=gnu89 -O2 -fno-dwarf2-cfi-asm -fno-ipa-sra -mabi=aapcs-linux -mno-thumb-interwork -mfpu=vfp -funwind-tables -marm -D__LINUX_ARM_ARCH__=7 -march=armv7-a -msoft-float -Uarm -Wframe-larger-than=1024 -fno-stack-protector -Wno-unused-but-set-variable -fomit-frame-pointer -fno-var-tracking-assignments -Wdeclaration-after-statement -Wno-pointer-sign -fno-strict-overflow -fconserve-stack -Werror=implicit-int -Werror=strict-prototypes -DCC_HAVE_ASM_GOTO  -DMODULE  -D"KBUILD_STR(s)=#s" -D"KBUILD_BASENAME=KBUILD_STR(ledkey_dev)"  -D"KBUILD_MODNAME=KBUILD_STR(ledkey_dev)" /home/ubuntu/udoo_linux_bsp/drivers/p306_ledkey_ioctl/ledkey_dev.c | scripts/genksyms/genksyms    -r /dev/null > /home/ubuntu/udoo_linux_bsp/drivers/p306_ledkey_ioctl/.tmp_ledkey_dev.ver; arm-linux-gnueabihf-ld -EL  -r -o /home/ubuntu/udoo_linux_bsp/drivers/p306_ledkey_ioctl/ledkey_dev.o /home/ubuntu/udoo_linux_bsp/drivers/p306_ledkey_ioctl/.tmp_ledkey_dev.o -T /home/ubuntu/udoo_linux_bsp/drivers/p306_ledkey_ioctl/.tmp_ledkey_dev.ver; rm -f /home/ubuntu/udoo_linux_bsp/drivers/p306_ledkey_ioctl/.tmp_ledkey_dev.o /home/ubuntu/udoo_linux_bsp/drivers/p306_ledkey_ioctl/.tmp_ledkey_dev.ver; else mv -f /home/ubuntu/udoo_linux_bsp/drivers/p306_ledkey_ioctl/.tmp_ledkey_dev.o /home/ubuntu/udoo_linux_bsp/drivers/p306_ledkey_ioctl/ledkey_dev.o; fi;   scripts/basic/fixdep /home/ubuntu/udoo_linux_bsp/drivers/p306_ledkey_ioctl/.ledkey_dev.o.d /home/ubuntu/udoo_linux_bsp/drivers/p306_ledkey_ioctl/ledkey_dev.o 'arm-linux-gnueabihf-gcc -Wp,-MD,/home/ubuntu/udoo_linux_bsp/drivers/p306_ledkey_ioctl/.ledkey_dev.o.d  -nostdinc -isystem /usr/lib/gcc-cross/arm-linux-gnueabihf/4.8/include -I/home/ubuntu/udoo_linux_bsp/kernel/3.14.1/arch/arm/include -Iarch/arm/include/generated  -Iinclude -I/home/ubuntu/udoo_linux_bsp/kernel/3.14.1/arch/arm/include/uapi -Iarch/arm/include/generated/uapi -I/home/ubuntu/udoo_linux_bsp/kernel/3.14.1/include/uapi -Iinclude/generated/uapi -include /home/ubuntu/udoo_linux_bsp/kernel/3.14.1/include/linux/kconfig.h -D__KERNEL__ -mlittle-endian -Wall -Wundef -Wstrict-prototypes -Wno-trigraphs -fno-strict-aliasing -fno-common -Werror-implicit-function-declaration -Wno-format-security -fno-delete-null-pointer-checks -std=gnu89 -O2 -fno-dwarf2-cfi-asm -fno-ipa-sra -mabi=aapcs-linux -mno-thumb-interwork -mfpu=vfp -funwind-tables -marm -D__LINUX_ARM_ARCH__=7 -march=armv7-a -msoft-float -Uarm -Wframe-larger-than=1024 -fno-stack-protector -Wno-unused-but-set-variable -fomit-frame-pointer -fno-var-tracking-assignments -Wdeclaration-after-statement -Wno-pointer-sign -fno-strict-overflow -fconserve-stack -Werror=implicit-int -Werror=strict-prototypes -DCC_HAVE_ASM_GOTO  -DMODULE  -D"KBUILD_STR(s)=\#s" -D"KBUILD_BASENAME=KBUILD_STR(ledkey_dev)"  -D"KBUILD_MODNAME=KBUILD_STR(ledkey_dev)" -c -o /home/ubuntu/udoo_linux_bsp/drivers/p306_ledkey_ioctl/.tmp_ledkey_dev.o /home/ubuntu/udoo_linux_bsp/drivers/p306_ledkey_ioctl/ledkey_dev.c' > /home/ubuntu/udoo_linux_bsp/drivers/p306_ledkey_ioctl/.ledkey_dev.o.tmp; rm -f /home/ubuntu/udoo_linux_bsp/drivers/p306_ledkey_ioctl/.ledkey_dev.o.d; mv -f /home/ubuntu/udoo_linux_bsp/drivers/p306_ledkey_ioctl/.ledkey_dev.o.tmp /home/ubuntu/udoo_linux_bsp/drivers/p306_ledkey_ioctl/.ledkey_dev.o.cmd
{ echo /home/ubuntu/udoo_linux_bsp/drivers/p306_ledkey_ioctl/ledkey_dev.ko; echo /home/ubuntu/udoo_linux_bsp/drivers/p306_ledkey_ioctl/ledkey_dev.o; } > /home/ubuntu/udoo_linux_bsp/drivers/p306_ledkey_ioctl/.tmp_versions/ledkey_dev.mod
 
(cat /dev/null;   echo kernel//home/ubuntu/udoo_linux_bsp/drivers/p306_ledkey_ioctl/ledkey_dev.ko;) > /home/ubuntu/udoo_linux_bsp/drivers/p306_ledkey_ioctl/modules.order
:
 
echo '  Building modules, stage 2.';
make -f /home/ubuntu/udoo_linux_bsp/kernel/3.14.1/scripts/Makefile.modpost
 
find: 
'/home/ubuntu/udoo_linux_bsp/drivers/p306_ledkey_ioctl/.tmp_versions'
: No such file or directory


echo '  MODPOST 0 modules'; find /home/ubuntu/udoo_linux_bsp/drivers/p306_ledkey_ioctl/.tmp_versions -name '*.mod' | xargs -r grep -h '\.ko$' | sort -u | sed 's/\.ko$/.o/' | scripts/mod/modpost -m  -i /home/ubuntu/udoo_linux_bsp/kernel/3.14.1/Module.symvers -I /home/ubuntu/udoo_linux_bsp/drivers/p306_ledkey_ioctl/Module.symvers  -o /home/ubuntu/udoo_linux_bsp/drivers/p306_ledkey_ioctl/Module.symvers -S -w  -s -T - vmlinux
 
make[1]: Leaving directory '/home/ubuntu/udoo_linux_bsp/kernel/3.14.1'
 
cp ledkey_dev.ko /srv/nfs
make: Leaving directory '/home/ubuntu/udoo_linux_bsp/drivers/p306_ledkey_ioctl'
 
